<?xml version="1.0" encoding="UTF-8"?>
<testng-results skipped="0" failed="0" ignored="0" total="0" passed="0">
  <reporter-output>
  </reporter-output>
  <suite name="com.arjun.SampleMvnAppl.AppTest" duration-ms="6" started-at="2022-03-25T18:22:49 IST" finished-at="2022-03-25T18:22:49 IST">
    <groups>
    </groups>
    <test name="Command line test" duration-ms="6" started-at="2022-03-25T18:22:49 IST" finished-at="2022-03-25T18:22:49 IST">
    </test> <!-- Command line test -->
  </suite> <!-- com.arjun.SampleMvnAppl.AppTest -->
</testng-results>
